<?xml version="1.0" encoding="UTF-8"?>
<testng-results ignored="0" total="1" passed="1" failed="0" skipped="0">
  <reporter-output>
  </reporter-output>
  <suite started-at="2025-08-16T13:02:14 IST" name="Default suite" finished-at="2025-08-16T13:02:22 IST" duration-ms="8232">
    <groups>
    </groups>
    <test started-at="2025-08-16T13:02:14 IST" name="Default test" finished-at="2025-08-16T13:02:22 IST" duration-ms="8232">
      <class name="BasicScripts.OpenChromeBrowser">
        <test-method signature="ChromeOpen()[pri:0, instance:BasicScripts.OpenChromeBrowser@1aafa419]" started-at="2025-08-16T13:02:14 IST" name="ChromeOpen" finished-at="2025-08-16T13:02:22 IST" duration-ms="8208" status="PASS">
          <reporter-output>
          </reporter-output>
        </test-method> <!-- ChromeOpen -->
      </class> <!-- BasicScripts.OpenChromeBrowser -->
    </test> <!-- Default test -->
  </suite> <!-- Default suite -->
</testng-results>
